mode: atomic
github.com/ankorstore/yokai/httpclient/factory.go:16.54,18.2 1 2
github.com/ankorstore/yokai/httpclient/factory.go:32.94,34.35 2 1
github.com/ankorstore/yokai/httpclient/factory.go:34.35,36.3 1 3
github.com/ankorstore/yokai/httpclient/factory.go:38.2,43.8 1 1
github.com/ankorstore/yokai/httpclient/option.go:19.41,26.2 1 5
github.com/ankorstore/yokai/httpclient/option.go:32.58,33.26 1 1
github.com/ankorstore/yokai/httpclient/option.go:33.26,35.3 1 1
github.com/ankorstore/yokai/httpclient/option.go:39.95,40.26 1 2
github.com/ankorstore/yokai/httpclient/option.go:40.26,42.3 1 2
github.com/ankorstore/yokai/httpclient/option.go:46.55,47.26 1 2
github.com/ankorstore/yokai/httpclient/option.go:47.26,49.3 1 2
github.com/ankorstore/yokai/httpclient/option.go:53.52,54.26 1 2
github.com/ankorstore/yokai/httpclient/option.go:54.26,56.3 1 2
github.com/ankorstore/yokai/httpclient/request.go:11.86,12.33 1 2
github.com/ankorstore/yokai/httpclient/request.go:12.33,15.63 2 4
github.com/ankorstore/yokai/httpclient/request.go:15.63,17.4 1 5
github.com/ankorstore/yokai/httpclient/request.go:22.80,24.2 1 1
github.com/ankorstore/yokai/httpclient/transport/base.go:21.40,29.2 1 5
github.com/ankorstore/yokai/httpclient/transport/base.go:32.77,44.2 5 5
github.com/ankorstore/yokai/httpclient/transport/base.go:47.48,49.2 1 0
github.com/ankorstore/yokai/httpclient/transport/base.go:52.78,54.2 1 0
github.com/ankorstore/yokai/httpclient/transport/logger.go:30.66,43.2 1 0
github.com/ankorstore/yokai/httpclient/transport/logger.go:46.107,47.17 1 0
github.com/ankorstore/yokai/httpclient/transport/logger.go:47.17,49.3 1 0
github.com/ankorstore/yokai/httpclient/transport/logger.go:51.2,54.3 1 0
github.com/ankorstore/yokai/httpclient/transport/logger.go:58.52,60.2 1 0
github.com/ankorstore/yokai/httpclient/transport/logger.go:63.80,68.25 3 0
github.com/ankorstore/yokai/httpclient/transport/logger.go:68.25,70.17 2 0
github.com/ankorstore/yokai/httpclient/transport/logger.go:70.17,72.4 1 0
github.com/ankorstore/yokai/httpclient/transport/logger.go:75.2,85.47 6 0
github.com/ankorstore/yokai/httpclient/transport/logger.go:85.47,86.10 1 0
github.com/ankorstore/yokai/httpclient/transport/logger.go:87.101,88.27 1 0
github.com/ankorstore/yokai/httpclient/transport/logger.go:89.58,90.28 1 0
github.com/ankorstore/yokai/httpclient/transport/logger.go:91.11,92.57 1 0
github.com/ankorstore/yokai/httpclient/transport/logger.go:94.8,96.3 1 0
github.com/ankorstore/yokai/httpclient/transport/logger.go:98.2,98.26 1 0
github.com/ankorstore/yokai/httpclient/transport/logger.go:98.26,100.17 2 0
github.com/ankorstore/yokai/httpclient/transport/logger.go:100.17,102.4 1 0
github.com/ankorstore/yokai/httpclient/transport/logger.go:105.2,112.18 2 0
github.com/ankorstore/yokai/httpclient/transport/base.go:21.40,29.2 1 5
github.com/ankorstore/yokai/httpclient/transport/base.go:32.77,44.2 5 6
github.com/ankorstore/yokai/httpclient/transport/base.go:47.48,49.2 1 3
github.com/ankorstore/yokai/httpclient/transport/base.go:52.78,54.2 1 5
github.com/ankorstore/yokai/httpclient/transport/logger.go:30.66,43.2 1 3
github.com/ankorstore/yokai/httpclient/transport/logger.go:46.107,47.17 1 4
github.com/ankorstore/yokai/httpclient/transport/logger.go:47.17,49.3 1 3
github.com/ankorstore/yokai/httpclient/transport/logger.go:51.2,54.3 1 4
github.com/ankorstore/yokai/httpclient/transport/logger.go:58.52,60.2 1 1
github.com/ankorstore/yokai/httpclient/transport/logger.go:63.80,68.25 3 4
github.com/ankorstore/yokai/httpclient/transport/logger.go:68.25,70.17 2 3
github.com/ankorstore/yokai/httpclient/transport/logger.go:70.17,72.4 1 3
github.com/ankorstore/yokai/httpclient/transport/logger.go:75.2,85.47 6 4
github.com/ankorstore/yokai/httpclient/transport/logger.go:85.47,86.10 1 3
github.com/ankorstore/yokai/httpclient/transport/logger.go:87.101,88.27 1 1
github.com/ankorstore/yokai/httpclient/transport/logger.go:89.58,90.28 1 1
github.com/ankorstore/yokai/httpclient/transport/logger.go:91.11,92.57 1 1
github.com/ankorstore/yokai/httpclient/transport/logger.go:94.8,96.3 1 1
github.com/ankorstore/yokai/httpclient/transport/logger.go:98.2,98.26 1 4
github.com/ankorstore/yokai/httpclient/transport/logger.go:98.26,100.17 2 3
github.com/ankorstore/yokai/httpclient/transport/logger.go:100.17,102.4 1 3
github.com/ankorstore/yokai/httpclient/transport/logger.go:105.2,112.18 2 4
